D:\GITHUB\TWINKLESERVER\TWINKLESERVER\TWINKLESERVER\DEBUG\CONNECTION.OBJ
D:\GITHUB\TWINKLESERVER\TWINKLESERVER\TWINKLESERVER\DEBUG\CONNECTION_MANAGER.OBJ
D:\GITHUB\TWINKLESERVER\TWINKLESERVER\TWINKLESERVER\DEBUG\MIME_TYPES.OBJ
D:\GITHUB\TWINKLESERVER\TWINKLESERVER\TWINKLESERVER\DEBUG\REPLY.OBJ
D:\GITHUB\TWINKLESERVER\TWINKLESERVER\TWINKLESERVER\DEBUG\REQUEST_HANDLER.OBJ
D:\GITHUB\TWINKLESERVER\TWINKLESERVER\TWINKLESERVER\DEBUG\REQUEST_PARSER.OBJ
D:\GITHUB\TWINKLESERVER\TWINKLESERVER\TWINKLESERVER\DEBUG\SERVER.OBJ
D:\GITHUB\TWINKLESERVER\TWINKLESERVER\TWINKLESERVER\DEBUG\VC110.PDB
D:\GITHUB\TWINKLESERVER\TWINKLESERVER\TWINKLESERVER\DEBUG\TWINKLESERVER.OBJ
D:\github\twinkleserver\twinkleserver\twinkleserver\Debug\connection.obj
D:\github\twinkleserver\twinkleserver\twinkleserver\Debug\connection_manager.obj
D:\github\twinkleserver\twinkleserver\twinkleserver\Debug\mime_types.obj
D:\github\twinkleserver\twinkleserver\twinkleserver\Debug\reply.obj
D:\github\twinkleserver\twinkleserver\twinkleserver\Debug\request_handler.obj
D:\github\twinkleserver\twinkleserver\twinkleserver\Debug\request_parser.obj
D:\github\twinkleserver\twinkleserver\twinkleserver\Debug\server.obj
D:\github\twinkleserver\twinkleserver\twinkleserver\Debug\twinkleserver.obj
D:\github\twinkleserver\twinkleserver\twinkleserver\Debug\cl.command.1.tlog
D:\github\twinkleserver\twinkleserver\twinkleserver\Debug\CL.read.1.tlog
D:\github\twinkleserver\twinkleserver\twinkleserver\Debug\CL.write.1.tlog
D:\github\twinkleserver\twinkleserver\twinkleserver\Debug\link.command.1.tlog
D:\github\twinkleserver\twinkleserver\twinkleserver\Debug\link.read.1.tlog
D:\github\twinkleserver\twinkleserver\twinkleserver\Debug\link.write.1.tlog
D:\github\twinkleserver\twinkleserver\twinkleserver\Debug\vc110.idb
D:\github\twinkleserver\twinkleserver\twinkleserver\Debug\vc110.pdb
