生成启动时间为 2018/10/17 星期三 上午 11:02:39。
     1>项目“D:\github\twinkleserver\twinkleserver\twinkleserver\twinkleserver.vcxproj”在节点 2 上(Build 个目标)。
     1>ClCompile:
         F:\Program Files (x86)\Microsoft Visual Studio 11.0\VC\bin\CL.exe /c /ID:\boost_1_68_0 /ZI /nologo /W3 /WX- /sdl /Od /Oy- /D WIN32 /D _DEBUG /D _CONSOLE /D _UNICODE /D UNICODE /Gm /EHsc /RTC1 /MDd /GS /fp:precise /Zc:wchar_t /Zc:forScope /Fo"Debug\\" /Fd"Debug\vc110.pdb" /Gd /TP /analyze- /errorReport:prompt twinkleserver.cpp
         twinkleserver.cpp
         Please define _WIN32_WINNT or _WIN32_WINDOWS appropriately. For example:
         - add -D_WIN32_WINNT=0x0501 to the compiler command line; or
         - add _WIN32_WINNT=0x0501 to your project's Preprocessor Definitions.
         Assuming _WIN32_WINNT=0x0501 (i.e. Windows XP target).
       Link:
         F:\Program Files (x86)\Microsoft Visual Studio 11.0\VC\bin\link.exe /ERRORREPORT:PROMPT /OUT:"D:\github\twinkleserver\twinkleserver\Debug\twinkleserver.exe" /INCREMENTAL /NOLOGO /LIBPATH:F:\boost\boost_1_53_0\bin\vc11\lib kernel32.lib user32.lib gdi32.lib winspool.lib comdlg32.lib advapi32.lib shell32.lib ole32.lib oleaut32.lib uuid.lib odbc32.lib odbccp32.lib /MANIFEST /MANIFESTUAC:"level='asInvoker' uiAccess='false'" /manifest:embed /DEBUG /PDB:"D:\github\twinkleserver\twinkleserver\Debug\twinkleserver.pdb" /SUBSYSTEM:CONSOLE /TLBID:1 /DYNAMICBASE /NXCOMPAT /IMPLIB:"D:\github\twinkleserver\twinkleserver\Debug\twinkleserver.lib" /MACHINE:X86 Debug\connection.obj
         Debug\connection_manager.obj
         Debug\mime_types.obj
         Debug\reply.obj
         Debug\request_handler.obj
         Debug\request_parser.obj
         Debug\server.obj
         Debug\twinkleserver.obj
         twinkleserver.vcxproj -> D:\github\twinkleserver\twinkleserver\Debug\twinkleserver.exe
     1>已完成生成项目“D:\github\twinkleserver\twinkleserver\twinkleserver\twinkleserver.vcxproj”(Build 个目标)的操作。

生成成功。

已用时间 00:00:05.66
